<?xml version="1.0" encoding="UTF-8"?>
<coverage generated="1678796422822" clover="3.2.0">
  <project timestamp="1678796422822" name="All files">
    <metrics statements="17" coveredstatements="17" conditionals="0" coveredconditionals="0" methods="5" coveredmethods="5" elements="22" coveredelements="22" complexity="0" loc="17" ncloc="17" packages="1" files="1" classes="1"/>
    <file name="helper.ts" path="D:\IT-Incubator\Back-end\Start-new-second-project\test\helper.ts">
      <metrics statements="17" coveredstatements="17" conditionals="0" coveredconditionals="0" methods="5" coveredmethods="5"/>
      <line num="10" count="1" type="stmt"/>
      <line num="11" count="32" type="stmt"/>
      <line num="16" count="6" type="stmt"/>
      <line num="21" count="6" type="stmt"/>
      <line num="29" count="6" type="stmt"/>
      <line num="32" count="32" type="stmt"/>
      <line num="38" count="4" type="stmt"/>
      <line num="47" count="4" type="stmt"/>
      <line num="62" count="4" type="stmt"/>
      <line num="65" count="32" type="stmt"/>
      <line num="71" count="18" type="stmt"/>
      <line num="76" count="18" type="stmt"/>
      <line num="87" count="18" type="stmt"/>
      <line num="90" count="32" type="stmt"/>
      <line num="96" count="4" type="stmt"/>
      <line num="101" count="4" type="stmt"/>
      <line num="115" count="4" type="stmt"/>
    </file>
  </project>
</coverage>
