{"D:\\IT-Incubator\\Back-end\\Start-new-second-project\\test\\helper.ts": {"path":"D:\\IT-Incubator\\Back-end\\Start-new-second-project\\test\\helper.ts","statementMap":{"0":{"start":{"line":11,"column":2},"end":{"line":30,"column":4}},"1":{"start":{"line":16,"column":17},"end":{"line":20,"column":18}},"2":{"start":{"line":21,"column":4},"end":{"line":28,"column":7}},"3":{"start":{"line":29,"column":4},"end":{"line":29,"column":21}},"4":{"start":{"line":32,"column":2},"end":{"line":63,"column":4}},"5":{"start":{"line":38,"column":17},"end":{"line":46,"column":18}},"6":{"start":{"line":47,"column":4},"end":{"line":61,"column":7}},"7":{"start":{"line":62,"column":4},"end":{"line":62,"column":21}},"8":{"start":{"line":65,"column":2},"end":{"line":88,"column":4}},"9":{"start":{"line":71,"column":17},"end":{"line":75,"column":18}},"10":{"start":{"line":76,"column":4},"end":{"line":86,"column":7}},"11":{"start":{"line":87,"column":4},"end":{"line":87,"column":21}},"12":{"start":{"line":90,"column":2},"end":{"line":116,"column":4}},"13":{"start":{"line":96,"column":20},"end":{"line":100,"column":18}},"14":{"start":{"line":101,"column":4},"end":{"line":114,"column":7}},"15":{"start":{"line":115,"column":4},"end":{"line":115,"column":24}},"16":{"start":{"line":10,"column":0},"end":{"line":10,"column":13}}},"fnMap":{"0":{"name":"(anonymous_0)","decl":{"start":{"line":10,"column":0},"end":{"line":10,"column":13}},"loc":{"start":{"line":10,"column":0},"end":{"line":118,"column":1}}},"1":{"name":"(anonymous_1)","decl":{"start":{"line":11,"column":9},"end":{"line":11,"column":14}},"loc":{"start":{"line":15,"column":6},"end":{"line":30,"column":3}}},"2":{"name":"(anonymous_2)","decl":{"start":{"line":32,"column":9},"end":{"line":32,"column":14}},"loc":{"start":{"line":37,"column":6},"end":{"line":63,"column":3}}},"3":{"name":"(anonymous_3)","decl":{"start":{"line":65,"column":9},"end":{"line":65,"column":14}},"loc":{"start":{"line":70,"column":6},"end":{"line":88,"column":3}}},"4":{"name":"(anonymous_4)","decl":{"start":{"line":90,"column":12},"end":{"line":90,"column":17}},"loc":{"start":{"line":95,"column":6},"end":{"line":116,"column":3}}}},"branchMap":{},"s":{"0":32,"1":6,"2":6,"3":6,"4":32,"5":4,"6":4,"7":4,"8":32,"9":18,"10":18,"11":18,"12":32,"13":4,"14":4,"15":4,"16":1},"f":{"0":32,"1":6,"2":4,"3":18,"4":4},"b":{}}
}
